<?xml version="1.0" encoding="UTF-8"?>
<!-- Generated by org.testng.reporters.JUnitXMLReporter -->
<testsuite ignored="0" hostname="YCSLAP1132" failures="0" tests="3" name="API_Test" time="2.422" errors="0" timestamp="2025-07-14T18:45:53 IST">
  <testcase classname="com.api.tests.LoginAPITest" name="loginTest" time="1.993"/>
  <testcase classname="com.api.tests.GetProfileAPITest" name="getProfile" time="2.175"/>
  <testcase classname="com.api.tests.UpdateProfileAPITest" name="updateProfile" time="2.377"/>
</testsuite> <!-- API_Test -->
