<?xml version="1.0" encoding="UTF-8"?>
<!-- Generated by org.testng.reporters.JUnitXMLReporter -->
<testsuite ignored="0" hostname="YCSLAP1132" failures="0" tests="5" name="API_Test" time="3.307" errors="0" timestamp="2025-07-14T15:34:21 IST">
  <testcase classname="com.api.tests.GetProfileAPITest" name="getProfile" time="2.25"/>
  <testcase classname="com.api.tests.SignUpAPITest" name="signUp" time="0.248"/>
  <testcase classname="com.api.tests.ForgetPasswordAPITest" name="forgetPassword" time="0.001"/>
  <testcase classname="com.api.tests.UpdateProfileAPITest" name="updateProfile" time="0.519"/>
  <testcase classname="com.api.tests.LoginAPITest" name="loginTest" time="0.218"/>
</testsuite> <!-- API_Test -->
