<?xml version="1.0" encoding="UTF-8"?>
<testsuite xmlns:xsi="http://www.w3.org/2001/XMLSchema-instance" xsi:noNamespaceSchemaLocation="https://maven.apache.org/surefire/maven-surefire-plugin/xsd/surefire-test-report.xsd" version="3.0.2" name="TestSuite" time="9.494" tests="4" errors="0" skipped="0" failures="0">
  <properties>
[...]
</properties>
  <testcase name="createUser" classname="com.api.tests.CreateUserAPITest" time="3.182">
    <system-out><![CDATA[2025-07-18 17:37:09 [main] INFO  com.api.listeners.TestListener - Test Suite Completed..!
2025-07-18 17:37:10 [main] INFO  com.api.listeners.TestListener - Started..!createUser
2025-07-18 17:37:10 [main] INFO  com.api.listeners.TestListener - Description!!To Verify Create User API is working
2025-07-18 17:37:11 [main] INFO  com.api.filters.LoggingFilter - BASE URI : https://petstore.swagger.io/v2
2025-07-18 17:37:11 [main] INFO  com.api.filters.LoggingFilter - Request Headers : Accept=*/*
Content-Type=application/json
2025-07-18 17:37:11 [main] INFO  com.api.filters.LoggingFilter - Request PayLoad : {"id":2,"username":"Ganganna","firstName":"Gangadhar","lastName":"b","email":"gang123@gmail.com","password":"@Donn","phone":"7506573915","userStatus":1}
2025-07-18 17:37:13 [main] INFO  com.api.filters.LoggingFilter - STATUS CODE:200
2025-07-18 17:37:13 [main] INFO  com.api.filters.LoggingFilter - Response Header:Date=Fri, 18 Jul 2025 12:07:13 GMT
Content-Type=application/json
Transfer-Encoding=chunked
Connection=keep-alive
Access-Control-Allow-Origin=*
Access-Control-Allow-Methods=GET, POST, DELETE, PUT
Access-Control-Allow-Headers=Content-Type, api_key, Authorization
Server=Jetty(9.2.9.v20150224)
2025-07-18 17:37:13 [main] INFO  com.api.filters.LoggingFilter - Response Body:{
    "code": 200,
    "type": "unknown",
    "message": "2"
}
]]></system-out>
    <system-err><![CDATA[SLF4J(W): No SLF4J providers were found.
SLF4J(W): Defaulting to no-operation (NOP) logger implementation
SLF4J(W): See https://www.slf4j.org/codes.html#noProviders for further details.
]]></system-err>
  </testcase>
  <testcase name="getUser" classname="com.api.tests.GetUserAPITest" time="1.475">
    <system-out><![CDATA[2025-07-18 17:37:13 [main] INFO  com.api.listeners.TestListener - Passed..!createUser
2025-07-18 17:37:13 [main] INFO  com.api.listeners.TestListener - Description!!To Verify Create User API is working
2025-07-18 17:37:13 [main] INFO  com.api.listeners.TestListener - Started..!getUser
2025-07-18 17:37:13 [main] INFO  com.api.listeners.TestListener - Description!!To Verify GetUser API is working ..!
2025-07-18 17:37:13 [main] INFO  com.api.filters.LoggingFilter - BASE URI : https://petstore.swagger.io/v2
2025-07-18 17:37:13 [main] INFO  com.api.filters.LoggingFilter - Request Headers : Accept=*/*
2025-07-18 17:37:13 [main] INFO  com.api.filters.LoggingFilter - Request PayLoad : null
2025-07-18 17:37:14 [main] INFO  com.api.filters.LoggingFilter - STATUS CODE:200
2025-07-18 17:37:14 [main] INFO  com.api.filters.LoggingFilter - Response Header:Date=Fri, 18 Jul 2025 12:07:14 GMT
Content-Type=application/json
Transfer-Encoding=chunked
Connection=keep-alive
Access-Control-Allow-Origin=*
Access-Control-Allow-Methods=GET, POST, DELETE, PUT
Access-Control-Allow-Headers=Content-Type, api_key, Authorization
Server=Jetty(9.2.9.v20150224)
2025-07-18 17:37:14 [main] INFO  com.api.filters.LoggingFilter - Response Body:{
    "id": 2,
    "username": "Ganganna",
    "firstName": "Gangadhar",
    "lastName": "b",
    "email": "gang123@gmail.com",
    "password": "@Donn",
    "phone": "7506573915",
    "userStatus": 1
}
]]></system-out>
  </testcase>
  <testcase name="updateUser" classname="com.api.tests.UpdateUserAPITest" time="1.587">
    <system-out><![CDATA[2025-07-18 17:37:14 [main] INFO  com.api.listeners.TestListener - Passed..!getUser
2025-07-18 17:37:14 [main] INFO  com.api.listeners.TestListener - Description!!To Verify GetUser API is working ..!
2025-07-18 17:37:14 [main] INFO  com.api.listeners.TestListener - Started..!updateUser
2025-07-18 17:37:14 [main] INFO  com.api.listeners.TestListener - Description!!Verify UpdateUser API is Working..!
2025-07-18 17:37:14 [main] INFO  com.api.filters.LoggingFilter - BASE URI : https://petstore.swagger.io/v2
2025-07-18 17:37:14 [main] INFO  com.api.filters.LoggingFilter - Request Headers : Accept=*/*
Content-Type=application/json
2025-07-18 17:37:14 [main] INFO  com.api.filters.LoggingFilter - Request PayLoad : {"id":3,"username":"HnewUsernew","firstName":"DDhi","lastName":"naaa","email":"gdsv12@gmail.com","password":"pass!223","phone":"887453915","userStatus":2}
2025-07-18 17:37:16 [main] INFO  com.api.filters.LoggingFilter - STATUS CODE:200
2025-07-18 17:37:16 [main] INFO  com.api.filters.LoggingFilter - Response Header:Date=Fri, 18 Jul 2025 12:07:16 GMT
Content-Type=application/json
Transfer-Encoding=chunked
Connection=keep-alive
Access-Control-Allow-Origin=*
Access-Control-Allow-Methods=GET, POST, DELETE, PUT
Access-Control-Allow-Headers=Content-Type, api_key, Authorization
Server=Jetty(9.2.9.v20150224)
2025-07-18 17:37:16 [main] INFO  com.api.filters.LoggingFilter - Response Body:{
    "code": 200,
    "type": "unknown",
    "message": "3"
}
{
    "code": 200,
    "type": "unknown",
    "message": "3"
}
]]></system-out>
  </testcase>
  <testcase name="deleteUser" classname="com.api.tests.DeleteUserAPITest" time="1.375">
    <system-out><![CDATA[2025-07-18 17:37:16 [main] INFO  com.api.listeners.TestListener - Passed..!updateUser
2025-07-18 17:37:16 [main] INFO  com.api.listeners.TestListener - Description!!Verify UpdateUser API is Working..!
2025-07-18 17:37:16 [main] INFO  com.api.listeners.TestListener - Started..!deleteUser
2025-07-18 17:37:16 [main] INFO  com.api.listeners.TestListener - Description!!Verify DeleteUser API is Working !
2025-07-18 17:37:16 [main] INFO  com.api.filters.LoggingFilter - BASE URI : https://petstore.swagger.io/v2
2025-07-18 17:37:16 [main] INFO  com.api.filters.LoggingFilter - Request Headers : Accept=*/*
Content-Type=application/json
2025-07-18 17:37:16 [main] INFO  com.api.filters.LoggingFilter - Request PayLoad : null
2025-07-18 17:37:17 [main] INFO  com.api.filters.LoggingFilter - STATUS CODE:404
2025-07-18 17:37:17 [main] INFO  com.api.filters.LoggingFilter - Response Header:Date=Fri, 18 Jul 2025 12:07:17 GMT
Content-Length=0
Connection=keep-alive
Access-Control-Allow-Origin=*
Access-Control-Allow-Methods=GET, POST, DELETE, PUT
Access-Control-Allow-Headers=Content-Type, api_key, Authorization
Server=Jetty(9.2.9.v20150224)
2025-07-18 17:37:17 [main] INFO  com.api.filters.LoggingFilter - Response Body:

]]></system-out>
  </testcase>
</testsuite>