<?xml version="1.0" encoding="UTF-8"?>
<testsuite xmlns:xsi="http://www.w3.org/2001/XMLSchema-instance" xsi:noNamespaceSchemaLocation="https://maven.apache.org/surefire/maven-surefire-plugin/xsd/surefire-test-report.xsd" version="3.0.2" name="TestSuite" time="3.831" tests="3" errors="0" skipped="0" failures="0">
  <properties>
[...]
</properties>
  <testcase name="loginTest" classname="com.api.tests.LoginAPITest" time="1.825">
    <system-out><![CDATA[2025-07-14 18:45:50 [main] INFO  com.api.listeners.TestListener - Test Suite Completed..!
2025-07-14 18:45:51 [TestNG-test-API_Test-2] INFO  com.api.listeners.TestListener - Started..!updateProfile
2025-07-14 18:45:51 [TestNG-test-API_Test-3] INFO  com.api.listeners.TestListener - Started..!loginTest
2025-07-14 18:45:51 [TestNG-test-API_Test-1] INFO  com.api.listeners.TestListener - Started..!getProfile
2025-07-14 18:45:51 [TestNG-test-API_Test-2] INFO  com.api.listeners.TestListener - Description!!Verify Update Prifile API is working
2025-07-14 18:45:51 [TestNG-test-API_Test-3] INFO  com.api.listeners.TestListener - Description!!Verify if Login-API is working 
2025-07-14 18:45:51 [TestNG-test-API_Test-1] INFO  com.api.listeners.TestListener - Description!!Verify Getprofile API is working 
2025-07-14 18:45:52 [TestNG-test-API_Test-3] INFO  com.api.filters.LoggingFilter - BASE URI : http://64.227.160.186:8080
2025-07-14 18:45:52 [TestNG-test-API_Test-2] INFO  com.api.filters.LoggingFilter - BASE URI : http://64.227.160.186:8080
2025-07-14 18:45:52 [TestNG-test-API_Test-1] INFO  com.api.filters.LoggingFilter - BASE URI : http://64.227.160.186:8080
2025-07-14 18:45:52 [TestNG-test-API_Test-3] INFO  com.api.filters.LoggingFilter - Request Headers : Accept=*/*
Content-Type=application/json
2025-07-14 18:45:52 [TestNG-test-API_Test-2] INFO  com.api.filters.LoggingFilter - Request Headers : Accept=*/*
Content-Type=application/json
2025-07-14 18:45:52 [TestNG-test-API_Test-1] INFO  com.api.filters.LoggingFilter - Request Headers : Accept=*/*
Content-Type=application/json
2025-07-14 18:45:52 [TestNG-test-API_Test-3] INFO  com.api.filters.LoggingFilter - Request PayLoad : {"username":"Gangadhar","password":"@Donna2128"}
2025-07-14 18:45:52 [TestNG-test-API_Test-2] INFO  com.api.filters.LoggingFilter - Request PayLoad : {"username":"Gangadhar","password":"@Donna2128"}
2025-07-14 18:45:52 [TestNG-test-API_Test-1] INFO  com.api.filters.LoggingFilter - Request PayLoad : {"username":"Gangadhar","password":"@Donna2128"}
2025-07-14 18:45:52 [TestNG-test-API_Test-1] INFO  com.api.filters.LoggingFilter - STATUS CODE:200
2025-07-14 18:45:52 [TestNG-test-API_Test-2] INFO  com.api.filters.LoggingFilter - STATUS CODE:200
2025-07-14 18:45:52 [TestNG-test-API_Test-3] INFO  com.api.filters.LoggingFilter - STATUS CODE:200
2025-07-14 18:45:52 [TestNG-test-API_Test-1] INFO  com.api.filters.LoggingFilter - Response Header:Vary=Origin
Vary=Access-Control-Request-Method
Vary=Access-Control-Request-Headers
Access-Control-Allow-Origin=https://swift.techwithjatin.com
Access-Control-Allow-Methods=GET, POST, PUT, DELETE, OPTIONS
Access-Control-Max-Age=3600
Access-Control-Allow-Headers=Authorization, Content-Type, Accept
Access-Control-Allow-Credentials=true
X-Content-Type-Options=nosniff
X-XSS-Protection=0
Cache-Control=no-cache, no-store, max-age=0, must-revalidate
Pragma=no-cache
Expires=0
X-Frame-Options=DENY
Content-Type=application/json
Transfer-Encoding=chunked
Date=Mon, 14 Jul 2025 13:15:52 GMT
Keep-Alive=timeout=60
Connection=keep-alive
2025-07-14 18:45:52 [TestNG-test-API_Test-3] INFO  com.api.filters.LoggingFilter - Response Header:Vary=Origin
Vary=Access-Control-Request-Method
Vary=Access-Control-Request-Headers
Access-Control-Allow-Origin=https://swift.techwithjatin.com
Access-Control-Allow-Methods=GET, POST, PUT, DELETE, OPTIONS
Access-Control-Max-Age=3600
Access-Control-Allow-Headers=Authorization, Content-Type, Accept
Access-Control-Allow-Credentials=true
X-Content-Type-Options=nosniff
X-XSS-Protection=0
Cache-Control=no-cache, no-store, max-age=0, must-revalidate
Pragma=no-cache
Expires=0
X-Frame-Options=DENY
Content-Type=application/json
Transfer-Encoding=chunked
Date=Mon, 14 Jul 2025 13:15:52 GMT
Keep-Alive=timeout=60
Connection=keep-alive
2025-07-14 18:45:52 [TestNG-test-API_Test-2] INFO  com.api.filters.LoggingFilter - Response Header:Vary=Origin
Vary=Access-Control-Request-Method
Vary=Access-Control-Request-Headers
Access-Control-Allow-Origin=https://swift.techwithjatin.com
Access-Control-Allow-Methods=GET, POST, PUT, DELETE, OPTIONS
Access-Control-Max-Age=3600
Access-Control-Allow-Headers=Authorization, Content-Type, Accept
Access-Control-Allow-Credentials=true
X-Content-Type-Options=nosniff
X-XSS-Protection=0
Cache-Control=no-cache, no-store, max-age=0, must-revalidate
Pragma=no-cache
Expires=0
X-Frame-Options=DENY
Content-Type=application/json
Transfer-Encoding=chunked
Date=Mon, 14 Jul 2025 13:15:52 GMT
Keep-Alive=timeout=60
Connection=keep-alive
2025-07-14 18:45:52 [TestNG-test-API_Test-3] INFO  com.api.filters.LoggingFilter - Response Body:{
    "token": "eyJhbGciOiJIUzI1NiJ9.eyJzdWIiOiJHYW5nYWRoYXIiLCJpYXQiOjE3NTI0OTg5NTIsImV4cCI6MTc1MjUwMjU1Mn0.5Oh5IHLFQ3XTICNVlrKRRNfCXeO8bc8s550SpPZFRyc",
    "type": "Bearer",
    "id": 2010,
    "username": "Gangadhar",
    "email": "vijay123@gmail.com",
    "roles": [
        "ROLE_USER"
    ]
}
2025-07-14 18:45:52 [TestNG-test-API_Test-1] INFO  com.api.filters.LoggingFilter - Response Body:{
    "token": "eyJhbGciOiJIUzI1NiJ9.eyJzdWIiOiJHYW5nYWRoYXIiLCJpYXQiOjE3NTI0OTg5NTIsImV4cCI6MTc1MjUwMjU1Mn0.5Oh5IHLFQ3XTICNVlrKRRNfCXeO8bc8s550SpPZFRyc",
    "type": "Bearer",
    "id": 2010,
    "username": "Gangadhar",
    "email": "vijay123@gmail.com",
    "roles": [
        "ROLE_USER"
    ]
}
2025-07-14 18:45:52 [TestNG-test-API_Test-2] INFO  com.api.filters.LoggingFilter - Response Body:{
    "token": "eyJhbGciOiJIUzI1NiJ9.eyJzdWIiOiJHYW5nYWRoYXIiLCJpYXQiOjE3NTI0OTg5NTIsImV4cCI6MTc1MjUwMjU1Mn0.5Oh5IHLFQ3XTICNVlrKRRNfCXeO8bc8s550SpPZFRyc",
    "type": "Bearer",
    "id": 2010,
    "username": "Gangadhar",
    "email": "vijay123@gmail.com",
    "roles": [
        "ROLE_USER"
    ]
}
eyJhbGciOiJIUzI1NiJ9.eyJzdWIiOiJHYW5nYWRoYXIiLCJpYXQiOjE3NTI0OTg5NTIsImV4cCI6MTc1MjUwMjU1Mn0.5Oh5IHLFQ3XTICNVlrKRRNfCXeO8bc8s550SpPZFRyc
eyJhbGciOiJIUzI1NiJ9.eyJzdWIiOiJHYW5nYWRoYXIiLCJpYXQiOjE3NTI0OTg5NTIsImV4cCI6MTc1MjUwMjU1Mn0.5Oh5IHLFQ3XTICNVlrKRRNfCXeO8bc8s550SpPZFRyc
{
    "token": "eyJhbGciOiJIUzI1NiJ9.eyJzdWIiOiJHYW5nYWRoYXIiLCJpYXQiOjE3NTI0OTg5NTIsImV4cCI6MTc1MjUwMjU1Mn0.5Oh5IHLFQ3XTICNVlrKRRNfCXeO8bc8s550SpPZFRyc",
    "type": "Bearer",
    "id": 2010,
    "username": "Gangadhar",
    "email": "vijay123@gmail.com",
    "roles": [
        "ROLE_USER"
    ]
}
eyJhbGciOiJIUzI1NiJ9.eyJzdWIiOiJHYW5nYWRoYXIiLCJpYXQiOjE3NTI0OTg5NTIsImV4cCI6MTc1MjUwMjU1Mn0.5Oh5IHLFQ3XTICNVlrKRRNfCXeO8bc8s550SpPZFRyc
{
    "token": "eyJhbGciOiJIUzI1NiJ9.eyJzdWIiOiJHYW5nYWRoYXIiLCJpYXQiOjE3NTI0OTg5NTIsImV4cCI6MTc1MjUwMjU1Mn0.5Oh5IHLFQ3XTICNVlrKRRNfCXeO8bc8s550SpPZFRyc",
    "type": "Bearer",
    "id": 2010,
    "username": "Gangadhar",
    "email": "vijay123@gmail.com",
    "roles": [
        "ROLE_USER"
    ]
}
vijay123@gmail.com
=================================================================
2010
2025-07-14 18:45:52 [TestNG-test-API_Test-1] INFO  com.api.filters.LoggingFilter - BASE URI : http://64.227.160.186:8080
2025-07-14 18:45:52 [TestNG-test-API_Test-2] INFO  com.api.filters.LoggingFilter - BASE URI : http://64.227.160.186:8080
2025-07-14 18:45:52 [TestNG-test-API_Test-1] INFO  com.api.filters.LoggingFilter - Request Headers : Authorization=Bearer eyJhbGciOiJIUzI1NiJ9.eyJzdWIiOiJHYW5nYWRoYXIiLCJpYXQiOjE3NTI0OTg5NTIsImV4cCI6MTc1MjUwMjU1Mn0.5Oh5IHLFQ3XTICNVlrKRRNfCXeO8bc8s550SpPZFRyc
Accept=*/*
2025-07-14 18:45:52 [TestNG-test-API_Test-2] INFO  com.api.filters.LoggingFilter - Request Headers : Authorization=Bearer eyJhbGciOiJIUzI1NiJ9.eyJzdWIiOiJHYW5nYWRoYXIiLCJpYXQiOjE3NTI0OTg5NTIsImV4cCI6MTc1MjUwMjU1Mn0.5Oh5IHLFQ3XTICNVlrKRRNfCXeO8bc8s550SpPZFRyc
Accept=*/*
2025-07-14 18:45:52 [TestNG-test-API_Test-1] INFO  com.api.filters.LoggingFilter - Request PayLoad : null
2025-07-14 18:45:52 [TestNG-test-API_Test-2] INFO  com.api.filters.LoggingFilter - Request PayLoad : null
]]></system-out>
    <system-err><![CDATA[SLF4J(W): No SLF4J providers were found.
SLF4J(W): Defaulting to no-operation (NOP) logger implementation
SLF4J(W): See https://www.slf4j.org/codes.html#noProviders for further details.
]]></system-err>
  </testcase>
  <testcase name="getProfile" classname="com.api.tests.GetProfileAPITest" time="2.001">
    <system-out><![CDATA[2025-07-14 18:45:52 [TestNG-test-API_Test-3] INFO  com.api.listeners.TestListener - Passed..!loginTest
2025-07-14 18:45:52 [TestNG-test-API_Test-3] INFO  com.api.listeners.TestListener - Description!!Verify if Login-API is working 
2025-07-14 18:45:53 [TestNG-test-API_Test-1] INFO  com.api.filters.LoggingFilter - STATUS CODE:200
2025-07-14 18:45:53 [TestNG-test-API_Test-2] INFO  com.api.filters.LoggingFilter - STATUS CODE:200
2025-07-14 18:45:53 [TestNG-test-API_Test-1] INFO  com.api.filters.LoggingFilter - Response Header:Vary=Origin
Vary=Access-Control-Request-Method
Vary=Access-Control-Request-Headers
Access-Control-Allow-Origin=https://swift.techwithjatin.com
Access-Control-Allow-Methods=GET, POST, PUT, DELETE, OPTIONS
Access-Control-Max-Age=3600
Access-Control-Allow-Headers=Authorization, Content-Type, Accept
Access-Control-Allow-Credentials=true
X-Content-Type-Options=nosniff
X-XSS-Protection=0
Cache-Control=no-cache, no-store, max-age=0, must-revalidate
Pragma=no-cache
Expires=0
X-Frame-Options=DENY
Content-Type=application/json
Transfer-Encoding=chunked
Date=Mon, 14 Jul 2025 13:15:52 GMT
Keep-Alive=timeout=60
Connection=keep-alive
2025-07-14 18:45:53 [TestNG-test-API_Test-2] INFO  com.api.filters.LoggingFilter - Response Header:Vary=Origin
Vary=Access-Control-Request-Method
Vary=Access-Control-Request-Headers
Access-Control-Allow-Origin=https://swift.techwithjatin.com
Access-Control-Allow-Methods=GET, POST, PUT, DELETE, OPTIONS
Access-Control-Max-Age=3600
Access-Control-Allow-Headers=Authorization, Content-Type, Accept
Access-Control-Allow-Credentials=true
X-Content-Type-Options=nosniff
X-XSS-Protection=0
Cache-Control=no-cache, no-store, max-age=0, must-revalidate
Pragma=no-cache
Expires=0
X-Frame-Options=DENY
Content-Type=application/json
Transfer-Encoding=chunked
Date=Mon, 14 Jul 2025 13:15:52 GMT
Keep-Alive=timeout=60
Connection=keep-alive
2025-07-14 18:45:53 [TestNG-test-API_Test-1] INFO  com.api.filters.LoggingFilter - Response Body:{
    "id": 2010,
    "username": "Gangadhar",
    "email": "vijay123@gmail.com",
    "firstName": "Hello",
    "lastName": "Hai",
    "mobileNumber": "8888888882"
}
2025-07-14 18:45:53 [TestNG-test-API_Test-2] INFO  com.api.filters.LoggingFilter - Response Body:{
    "id": 2010,
    "username": "Gangadhar",
    "email": "vijay123@gmail.com",
    "firstName": "Hello",
    "lastName": "Hai",
    "mobileNumber": "8888888882"
}
{
    "id": 2010,
    "username": "Gangadhar",
    "email": "vijay123@gmail.com",
    "firstName": "Hello",
    "lastName": "Hai",
    "mobileNumber": "8888888882"
}
Hello
=================================================================
]]></system-out>
  </testcase>
  <testcase name="updateProfile" classname="com.api.tests.UpdateProfileAPITest" time="2.205">
    <system-out><![CDATA[2025-07-14 18:45:53 [TestNG-test-API_Test-1] INFO  com.api.listeners.TestListener - Passed..!getProfile
2025-07-14 18:45:53 [TestNG-test-API_Test-1] INFO  com.api.listeners.TestListener - Description!!Verify Getprofile API is working 
2025-07-14 18:45:53 [TestNG-test-API_Test-2] INFO  com.api.filters.LoggingFilter - BASE URI : http://64.227.160.186:8080
2025-07-14 18:45:53 [TestNG-test-API_Test-2] INFO  com.api.filters.LoggingFilter - Request Headers : Authorization=Bearer eyJhbGciOiJIUzI1NiJ9.eyJzdWIiOiJHYW5nYWRoYXIiLCJpYXQiOjE3NTI0OTg5NTIsImV4cCI6MTc1MjUwMjU1Mn0.5Oh5IHLFQ3XTICNVlrKRRNfCXeO8bc8s550SpPZFRyc
Accept=*/*
Authorization=Bearer eyJhbGciOiJIUzI1NiJ9.eyJzdWIiOiJHYW5nYWRoYXIiLCJpYXQiOjE3NTI0OTg5NTIsImV4cCI6MTc1MjUwMjU1Mn0.5Oh5IHLFQ3XTICNVlrKRRNfCXeO8bc8s550SpPZFRyc
Content-Type=application/json
2025-07-14 18:45:53 [TestNG-test-API_Test-2] INFO  com.api.filters.LoggingFilter - Request PayLoad : {"firstName":"Hello","lastName":"Hai","email":"vijay123@gmail.com","mobileNumber":"8888888882"}
2025-07-14 18:45:53 [TestNG-test-API_Test-2] INFO  com.api.filters.LoggingFilter - STATUS CODE:200
2025-07-14 18:45:53 [TestNG-test-API_Test-2] INFO  com.api.filters.LoggingFilter - Response Header:Vary=Origin
Vary=Access-Control-Request-Method
Vary=Access-Control-Request-Headers
Access-Control-Allow-Origin=https://swift.techwithjatin.com
Access-Control-Allow-Methods=GET, POST, PUT, DELETE, OPTIONS
Access-Control-Max-Age=3600
Access-Control-Allow-Headers=Authorization, Content-Type, Accept
Access-Control-Allow-Credentials=true
X-Content-Type-Options=nosniff
X-XSS-Protection=0
Cache-Control=no-cache, no-store, max-age=0, must-revalidate
Pragma=no-cache
Expires=0
X-Frame-Options=DENY
Content-Type=application/json
Transfer-Encoding=chunked
Date=Mon, 14 Jul 2025 13:15:53 GMT
Keep-Alive=timeout=60
Connection=keep-alive
2025-07-14 18:45:53 [TestNG-test-API_Test-2] INFO  com.api.filters.LoggingFilter - Response Body:{
    "id": 2010,
    "username": "Gangadhar",
    "email": "vijay123@gmail.com",
    "firstName": "Hello",
    "lastName": "Hai",
    "mobileNumber": "8888888882"
}
{
    "id": 2010,
    "username": "Gangadhar",
    "email": "vijay123@gmail.com",
    "firstName": "Hello",
    "lastName": "Hai",
    "mobileNumber": "8888888882"
}
]]></system-out>
  </testcase>
</testsuite>