<?xml version="1.0" encoding="UTF-8"?>
<testng-results ignored="0" total="4" passed="4" failed="0" skipped="0">
  <reporter-output>
  </reporter-output>
  <suite started-at="2025-07-18T17:37:09 IST" name="Demo Bank API Test Suite" finished-at="2025-07-18T17:37:17 IST" duration-ms="7889">
    <groups>
    </groups>
    <test started-at="2025-07-18T17:37:09 IST" name="API_Test" finished-at="2025-07-18T17:37:17 IST" duration-ms="7889">
      <class name="com.api.tests.DeleteUserAPITest">
        <test-method signature="deleteUser()[pri:0, instance:com.api.tests.DeleteUserAPITest@3fed2870]" started-at="2025-07-18T17:37:16 IST" name="deleteUser" description="Verify DeleteUser API is Working !" finished-at="2025-07-18T17:37:17 IST" duration-ms="1401" status="PASS">
          <reporter-output>
          </reporter-output>
        </test-method> <!-- deleteUser -->
      </class> <!-- com.api.tests.DeleteUserAPITest -->
      <class name="com.api.tests.CreateUserAPITest">
        <test-method signature="createUser()[pri:0, instance:com.api.tests.CreateUserAPITest@4f0100a7]" started-at="2025-07-18T17:37:10 IST" name="createUser" description="To Verify Create User API is working" finished-at="2025-07-18T17:37:13 IST" duration-ms="3354" status="PASS">
          <reporter-output>
          </reporter-output>
        </test-method> <!-- createUser -->
      </class> <!-- com.api.tests.CreateUserAPITest -->
      <class name="com.api.tests.GetUserAPITest">
        <test-method signature="getUser()[pri:0, instance:com.api.tests.GetUserAPITest@39de3d36]" started-at="2025-07-18T17:37:13 IST" name="getUser" description="To Verify GetUser API is working ..!" finished-at="2025-07-18T17:37:14 IST" duration-ms="1483" status="PASS">
          <reporter-output>
          </reporter-output>
        </test-method> <!-- getUser -->
      </class> <!-- com.api.tests.GetUserAPITest -->
      <class name="com.api.tests.UpdateUserAPITest">
        <test-method signature="updateUser()[pri:0, instance:com.api.tests.UpdateUserAPITest@54e7df6a]" started-at="2025-07-18T17:37:14 IST" name="updateUser" description="Verify UpdateUser API is Working..!" finished-at="2025-07-18T17:37:16 IST" duration-ms="1586" status="PASS">
          <reporter-output>
          </reporter-output>
        </test-method> <!-- updateUser -->
      </class> <!-- com.api.tests.UpdateUserAPITest -->
    </test> <!-- API_Test -->
  </suite> <!-- Demo Bank API Test Suite -->
</testng-results>
