<?xml version="1.0" encoding="UTF-8"?>
<testsuite xmlns:xsi="http://www.w3.org/2001/XMLSchema-instance" xsi:noNamespaceSchemaLocation="https://maven.apache.org/surefire/maven-surefire-plugin/xsd/surefire-test-report.xsd" version="3.0.2" name="TestSuite" time="4.502" tests="5" errors="0" skipped="0" failures="0">
  <properties>
[...]
</properties>
  <testcase name="getProfile" classname="com.api.tests.GetProfileAPITest" time="2.25">
    <system-out><![CDATA[2025-07-14 15:34:18 [main] INFO  com.api.listeners.TestListener - Test Suite Completed..!
2025-07-14 15:34:18 [main] INFO  com.api.listeners.TestListener - Started..!getProfile
2025-07-14 15:34:18 [main] INFO  com.api.listeners.TestListener - Description!!Verify Getprofile API is working 
2025-07-14 15:34:19 [main] INFO  com.api.filters.LoggingFilter - BASE URI : http://64.227.160.186:8080
2025-07-14 15:34:19 [main] INFO  com.api.filters.LoggingFilter - Request Headers : Accept=*/*
Content-Type=application/json
2025-07-14 15:34:19 [main] INFO  com.api.filters.LoggingFilter - Request PayLoad : {"username":"Gangadhar","password":"@Donna2128"}
2025-07-14 15:34:20 [main] INFO  com.api.filters.LoggingFilter - STATUS CODE:200
2025-07-14 15:34:20 [main] INFO  com.api.filters.LoggingFilter - Response Header:Vary=Origin
Vary=Access-Control-Request-Method
Vary=Access-Control-Request-Headers
Access-Control-Allow-Origin=https://swift.techwithjatin.com
Access-Control-Allow-Methods=GET, POST, PUT, DELETE, OPTIONS
Access-Control-Max-Age=3600
Access-Control-Allow-Headers=Authorization, Content-Type, Accept
Access-Control-Allow-Credentials=true
X-Content-Type-Options=nosniff
X-XSS-Protection=0
Cache-Control=no-cache, no-store, max-age=0, must-revalidate
Pragma=no-cache
Expires=0
X-Frame-Options=DENY
Content-Type=application/json
Transfer-Encoding=chunked
Date=Mon, 14 Jul 2025 10:04:20 GMT
Keep-Alive=timeout=60
Connection=keep-alive
2025-07-14 15:34:20 [main] INFO  com.api.filters.LoggingFilter - Response Body:{
    "token": "eyJhbGciOiJIUzI1NiJ9.eyJzdWIiOiJHYW5nYWRoYXIiLCJpYXQiOjE3NTI0ODc0NjAsImV4cCI6MTc1MjQ5MTA2MH0.5hZUSJGFAqG5xvAZebU26pAqd8nb_7V5FD-f9uI2xhw",
    "type": "Bearer",
    "id": 2010,
    "username": "Gangadhar",
    "email": "vijay123@gmail.com",
    "roles": [
        "ROLE_USER"
    ]
}
eyJhbGciOiJIUzI1NiJ9.eyJzdWIiOiJHYW5nYWRoYXIiLCJpYXQiOjE3NTI0ODc0NjAsImV4cCI6MTc1MjQ5MTA2MH0.5hZUSJGFAqG5xvAZebU26pAqd8nb_7V5FD-f9uI2xhw
2025-07-14 15:34:20 [main] INFO  com.api.filters.LoggingFilter - BASE URI : http://64.227.160.186:8080
2025-07-14 15:34:20 [main] INFO  com.api.filters.LoggingFilter - Request Headers : Authorization=Bearer eyJhbGciOiJIUzI1NiJ9.eyJzdWIiOiJHYW5nYWRoYXIiLCJpYXQiOjE3NTI0ODc0NjAsImV4cCI6MTc1MjQ5MTA2MH0.5hZUSJGFAqG5xvAZebU26pAqd8nb_7V5FD-f9uI2xhw
Accept=*/*
2025-07-14 15:34:20 [main] INFO  com.api.filters.LoggingFilter - Request PayLoad : null
2025-07-14 15:34:20 [main] INFO  com.api.filters.LoggingFilter - STATUS CODE:200
2025-07-14 15:34:20 [main] INFO  com.api.filters.LoggingFilter - Response Header:Vary=Origin
Vary=Access-Control-Request-Method
Vary=Access-Control-Request-Headers
Access-Control-Allow-Origin=https://swift.techwithjatin.com
Access-Control-Allow-Methods=GET, POST, PUT, DELETE, OPTIONS
Access-Control-Max-Age=3600
Access-Control-Allow-Headers=Authorization, Content-Type, Accept
Access-Control-Allow-Credentials=true
X-Content-Type-Options=nosniff
X-XSS-Protection=0
Cache-Control=no-cache, no-store, max-age=0, must-revalidate
Pragma=no-cache
Expires=0
X-Frame-Options=DENY
Content-Type=application/json
Transfer-Encoding=chunked
Date=Mon, 14 Jul 2025 10:04:20 GMT
Keep-Alive=timeout=60
Connection=keep-alive
2025-07-14 15:34:20 [main] INFO  com.api.filters.LoggingFilter - Response Body:{
    "id": 2010,
    "username": "Gangadhar",
    "email": "vijay123@gmail.com",
    "firstName": "Hello",
    "lastName": "Hai",
    "mobileNumber": "8888888882"
}
Hello
]]></system-out>
    <system-err><![CDATA[SLF4J(W): No SLF4J providers were found.
SLF4J(W): Defaulting to no-operation (NOP) logger implementation
SLF4J(W): See https://www.slf4j.org/codes.html#noProviders for further details.
]]></system-err>
  </testcase>
  <testcase name="signUp" classname="com.api.tests.SignUpAPITest" time="0.237">
    <system-out><![CDATA[2025-07-14 15:34:20 [main] INFO  com.api.listeners.TestListener - Passed..!getProfile
2025-07-14 15:34:20 [main] INFO  com.api.listeners.TestListener - Description!!Verify Getprofile API is working 
2025-07-14 15:34:20 [main] INFO  com.api.listeners.TestListener - Started..!signUp
2025-07-14 15:34:20 [main] INFO  com.api.listeners.TestListener - Description!!Verify if Signup API is working
2025-07-14 15:34:20 [main] INFO  com.api.filters.LoggingFilter - BASE URI : http://64.227.160.186:8080
2025-07-14 15:34:20 [main] INFO  com.api.filters.LoggingFilter - Request Headers : Accept=*/*
Content-Type=application/json
2025-07-14 15:34:20 [main] INFO  com.api.filters.LoggingFilter - Request PayLoad : {"username":"maddy12234","password":"Gangad@1234","email":"gmiisha@yahoo.com","firstName":"Ganga","lastName":"b","mobileNumber":"9506573915"}
2025-07-14 15:34:21 [main] INFO  com.api.filters.LoggingFilter - STATUS CODE:200
2025-07-14 15:34:21 [main] INFO  com.api.filters.LoggingFilter - Response Header:Vary=Origin
Vary=Access-Control-Request-Method
Vary=Access-Control-Request-Headers
Access-Control-Allow-Origin=https://swift.techwithjatin.com
Access-Control-Allow-Methods=GET, POST, PUT, DELETE, OPTIONS
Access-Control-Max-Age=3600
Access-Control-Allow-Headers=Authorization, Content-Type, Accept
Access-Control-Allow-Credentials=true
X-Content-Type-Options=nosniff
X-XSS-Protection=0
Cache-Control=no-cache, no-store, max-age=0, must-revalidate
Pragma=no-cache
Expires=0
X-Frame-Options=DENY
Content-Type=text/plain;charset=UTF-8
Content-Length=29
Date=Mon, 14 Jul 2025 10:04:21 GMT
Keep-Alive=timeout=60
Connection=keep-alive
2025-07-14 15:34:21 [main] INFO  com.api.filters.LoggingFilter - Response Body:User registered successfully!
User registered successfully!
]]></system-out>
  </testcase>
  <testcase name="forgetPassword" classname="com.api.tests.ForgetPasswordAPITest" time="0.0">
    <system-out><![CDATA[2025-07-14 15:34:21 [main] INFO  com.api.listeners.TestListener - Passed..!signUp
2025-07-14 15:34:21 [main] INFO  com.api.listeners.TestListener - Description!!Verify if Signup API is working
2025-07-14 15:34:21 [main] INFO  com.api.listeners.TestListener - Started..!forgetPassword
2025-07-14 15:34:21 [main] INFO  com.api.listeners.TestListener - Description!!Verify if forget password API is working
]]></system-out>
  </testcase>
  <testcase name="updateProfile" classname="com.api.tests.UpdateProfileAPITest" time="0.516">
    <system-out><![CDATA[2025-07-14 15:34:21 [main] INFO  com.api.listeners.TestListener - Passed..!forgetPassword
2025-07-14 15:34:21 [main] INFO  com.api.listeners.TestListener - Description!!Verify if forget password API is working
2025-07-14 15:34:21 [main] INFO  com.api.listeners.TestListener - Started..!updateProfile
2025-07-14 15:34:21 [main] INFO  com.api.listeners.TestListener - Description!!Verify Update Prifile API is working
2025-07-14 15:34:21 [main] INFO  com.api.filters.LoggingFilter - BASE URI : http://64.227.160.186:8080
2025-07-14 15:34:21 [main] INFO  com.api.filters.LoggingFilter - Request Headers : Accept=*/*
Content-Type=application/json
2025-07-14 15:34:21 [main] INFO  com.api.filters.LoggingFilter - Request PayLoad : {"username":"Gangadhar","password":"@Donna2128"}
2025-07-14 15:34:21 [main] INFO  com.api.filters.LoggingFilter - STATUS CODE:200
2025-07-14 15:34:21 [main] INFO  com.api.filters.LoggingFilter - Response Header:Vary=Origin
Vary=Access-Control-Request-Method
Vary=Access-Control-Request-Headers
Access-Control-Allow-Origin=https://swift.techwithjatin.com
Access-Control-Allow-Methods=GET, POST, PUT, DELETE, OPTIONS
Access-Control-Max-Age=3600
Access-Control-Allow-Headers=Authorization, Content-Type, Accept
Access-Control-Allow-Credentials=true
X-Content-Type-Options=nosniff
X-XSS-Protection=0
Cache-Control=no-cache, no-store, max-age=0, must-revalidate
Pragma=no-cache
Expires=0
X-Frame-Options=DENY
Content-Type=application/json
Transfer-Encoding=chunked
Date=Mon, 14 Jul 2025 10:04:21 GMT
Keep-Alive=timeout=60
Connection=keep-alive
2025-07-14 15:34:21 [main] INFO  com.api.filters.LoggingFilter - Response Body:{
    "token": "eyJhbGciOiJIUzI1NiJ9.eyJzdWIiOiJHYW5nYWRoYXIiLCJpYXQiOjE3NTI0ODc0NjEsImV4cCI6MTc1MjQ5MTA2MX0.ygBLUtgcMWXYDtU9oibjBThAYoPUVdho5jWXJ5eJyUU",
    "type": "Bearer",
    "id": 2010,
    "username": "Gangadhar",
    "email": "vijay123@gmail.com",
    "roles": [
        "ROLE_USER"
    ]
}
eyJhbGciOiJIUzI1NiJ9.eyJzdWIiOiJHYW5nYWRoYXIiLCJpYXQiOjE3NTI0ODc0NjEsImV4cCI6MTc1MjQ5MTA2MX0.ygBLUtgcMWXYDtU9oibjBThAYoPUVdho5jWXJ5eJyUU
{
    "token": "eyJhbGciOiJIUzI1NiJ9.eyJzdWIiOiJHYW5nYWRoYXIiLCJpYXQiOjE3NTI0ODc0NjEsImV4cCI6MTc1MjQ5MTA2MX0.ygBLUtgcMWXYDtU9oibjBThAYoPUVdho5jWXJ5eJyUU",
    "type": "Bearer",
    "id": 2010,
    "username": "Gangadhar",
    "email": "vijay123@gmail.com",
    "roles": [
        "ROLE_USER"
    ]
}
=================================================================
2025-07-14 15:34:21 [main] INFO  com.api.filters.LoggingFilter - BASE URI : http://64.227.160.186:8080
2025-07-14 15:34:21 [main] INFO  com.api.filters.LoggingFilter - Request Headers : Authorization=Bearer eyJhbGciOiJIUzI1NiJ9.eyJzdWIiOiJHYW5nYWRoYXIiLCJpYXQiOjE3NTI0ODc0NjEsImV4cCI6MTc1MjQ5MTA2MX0.ygBLUtgcMWXYDtU9oibjBThAYoPUVdho5jWXJ5eJyUU
Accept=*/*
2025-07-14 15:34:21 [main] INFO  com.api.filters.LoggingFilter - Request PayLoad : null
2025-07-14 15:34:21 [main] INFO  com.api.filters.LoggingFilter - STATUS CODE:200
2025-07-14 15:34:21 [main] INFO  com.api.filters.LoggingFilter - Response Header:Vary=Origin
Vary=Access-Control-Request-Method
Vary=Access-Control-Request-Headers
Access-Control-Allow-Origin=https://swift.techwithjatin.com
Access-Control-Allow-Methods=GET, POST, PUT, DELETE, OPTIONS
Access-Control-Max-Age=3600
Access-Control-Allow-Headers=Authorization, Content-Type, Accept
Access-Control-Allow-Credentials=true
X-Content-Type-Options=nosniff
X-XSS-Protection=0
Cache-Control=no-cache, no-store, max-age=0, must-revalidate
Pragma=no-cache
Expires=0
X-Frame-Options=DENY
Content-Type=application/json
Transfer-Encoding=chunked
Date=Mon, 14 Jul 2025 10:04:21 GMT
Keep-Alive=timeout=60
Connection=keep-alive
2025-07-14 15:34:21 [main] INFO  com.api.filters.LoggingFilter - Response Body:{
    "id": 2010,
    "username": "Gangadhar",
    "email": "vijay123@gmail.com",
    "firstName": "Hello",
    "lastName": "Hai",
    "mobileNumber": "8888888882"
}
{
    "id": 2010,
    "username": "Gangadhar",
    "email": "vijay123@gmail.com",
    "firstName": "Hello",
    "lastName": "Hai",
    "mobileNumber": "8888888882"
}
=================================================================
2025-07-14 15:34:21 [main] INFO  com.api.filters.LoggingFilter - BASE URI : http://64.227.160.186:8080
2025-07-14 15:34:21 [main] INFO  com.api.filters.LoggingFilter - Request Headers : Authorization=Bearer eyJhbGciOiJIUzI1NiJ9.eyJzdWIiOiJHYW5nYWRoYXIiLCJpYXQiOjE3NTI0ODc0NjEsImV4cCI6MTc1MjQ5MTA2MX0.ygBLUtgcMWXYDtU9oibjBThAYoPUVdho5jWXJ5eJyUU
Accept=*/*
Authorization=Bearer eyJhbGciOiJIUzI1NiJ9.eyJzdWIiOiJHYW5nYWRoYXIiLCJpYXQiOjE3NTI0ODc0NjEsImV4cCI6MTc1MjQ5MTA2MX0.ygBLUtgcMWXYDtU9oibjBThAYoPUVdho5jWXJ5eJyUU
Content-Type=application/json
2025-07-14 15:34:21 [main] INFO  com.api.filters.LoggingFilter - Request PayLoad : {"firstName":"Hello","lastName":"Hai","email":"vijay123@gmail.com","mobileNumber":"8888888882"}
2025-07-14 15:34:21 [main] INFO  com.api.filters.LoggingFilter - STATUS CODE:200
2025-07-14 15:34:21 [main] INFO  com.api.filters.LoggingFilter - Response Header:Vary=Origin
Vary=Access-Control-Request-Method
Vary=Access-Control-Request-Headers
Access-Control-Allow-Origin=https://swift.techwithjatin.com
Access-Control-Allow-Methods=GET, POST, PUT, DELETE, OPTIONS
Access-Control-Max-Age=3600
Access-Control-Allow-Headers=Authorization, Content-Type, Accept
Access-Control-Allow-Credentials=true
X-Content-Type-Options=nosniff
X-XSS-Protection=0
Cache-Control=no-cache, no-store, max-age=0, must-revalidate
Pragma=no-cache
Expires=0
X-Frame-Options=DENY
Content-Type=application/json
Transfer-Encoding=chunked
Date=Mon, 14 Jul 2025 10:04:21 GMT
Keep-Alive=timeout=60
Connection=keep-alive
2025-07-14 15:34:21 [main] INFO  com.api.filters.LoggingFilter - Response Body:{
    "id": 2010,
    "username": "Gangadhar",
    "email": "vijay123@gmail.com",
    "firstName": "Hello",
    "lastName": "Hai",
    "mobileNumber": "8888888882"
}
{
    "id": 2010,
    "username": "Gangadhar",
    "email": "vijay123@gmail.com",
    "firstName": "Hello",
    "lastName": "Hai",
    "mobileNumber": "8888888882"
}
]]></system-out>
  </testcase>
  <testcase name="loginTest" classname="com.api.tests.LoginAPITest" time="0.214">
    <system-out><![CDATA[2025-07-14 15:34:21 [main] INFO  com.api.listeners.TestListener - Passed..!updateProfile
2025-07-14 15:34:21 [main] INFO  com.api.listeners.TestListener - Description!!Verify Update Prifile API is working
2025-07-14 15:34:21 [main] INFO  com.api.listeners.TestListener - Started..!loginTest
2025-07-14 15:34:21 [main] INFO  com.api.listeners.TestListener - Description!!Verify if Login-API is working 
2025-07-14 15:34:21 [main] INFO  com.api.filters.LoggingFilter - BASE URI : http://64.227.160.186:8080
2025-07-14 15:34:21 [main] INFO  com.api.filters.LoggingFilter - Request Headers : Accept=*/*
Content-Type=application/json
2025-07-14 15:34:21 [main] INFO  com.api.filters.LoggingFilter - Request PayLoad : {"username":"Gangadhar","password":"@Donna2128"}
2025-07-14 15:34:21 [main] INFO  com.api.filters.LoggingFilter - STATUS CODE:200
2025-07-14 15:34:21 [main] INFO  com.api.filters.LoggingFilter - Response Header:Vary=Origin
Vary=Access-Control-Request-Method
Vary=Access-Control-Request-Headers
Access-Control-Allow-Origin=https://swift.techwithjatin.com
Access-Control-Allow-Methods=GET, POST, PUT, DELETE, OPTIONS
Access-Control-Max-Age=3600
Access-Control-Allow-Headers=Authorization, Content-Type, Accept
Access-Control-Allow-Credentials=true
X-Content-Type-Options=nosniff
X-XSS-Protection=0
Cache-Control=no-cache, no-store, max-age=0, must-revalidate
Pragma=no-cache
Expires=0
X-Frame-Options=DENY
Content-Type=application/json
Transfer-Encoding=chunked
Date=Mon, 14 Jul 2025 10:04:21 GMT
Keep-Alive=timeout=60
Connection=keep-alive
2025-07-14 15:34:21 [main] INFO  com.api.filters.LoggingFilter - Response Body:{
    "token": "eyJhbGciOiJIUzI1NiJ9.eyJzdWIiOiJHYW5nYWRoYXIiLCJpYXQiOjE3NTI0ODc0NjEsImV4cCI6MTc1MjQ5MTA2MX0.ygBLUtgcMWXYDtU9oibjBThAYoPUVdho5jWXJ5eJyUU",
    "type": "Bearer",
    "id": 2010,
    "username": "Gangadhar",
    "email": "vijay123@gmail.com",
    "roles": [
        "ROLE_USER"
    ]
}
{
    "token": "eyJhbGciOiJIUzI1NiJ9.eyJzdWIiOiJHYW5nYWRoYXIiLCJpYXQiOjE3NTI0ODc0NjEsImV4cCI6MTc1MjQ5MTA2MX0.ygBLUtgcMWXYDtU9oibjBThAYoPUVdho5jWXJ5eJyUU",
    "type": "Bearer",
    "id": 2010,
    "username": "Gangadhar",
    "email": "vijay123@gmail.com",
    "roles": [
        "ROLE_USER"
    ]
}
eyJhbGciOiJIUzI1NiJ9.eyJzdWIiOiJHYW5nYWRoYXIiLCJpYXQiOjE3NTI0ODc0NjEsImV4cCI6MTc1MjQ5MTA2MX0.ygBLUtgcMWXYDtU9oibjBThAYoPUVdho5jWXJ5eJyUU
vijay123@gmail.com
2010
]]></system-out>
  </testcase>
</testsuite>