<?xml version="1.0" encoding="UTF-8"?>
<!-- Generated by org.testng.reporters.JUnitXMLReporter -->
<testsuite ignored="0" hostname="YCSLAP1132" failures="0" tests="4" name="API_Test" time="3.571" errors="0" timestamp="2025-07-14T16:34:43 IST">
  <testcase classname="com.api.tests.GetProfileAPITest" name="getProfile" time="2.498"/>
  <testcase classname="com.api.tests.SignUpAPITest" name="signUp" time="0.244"/>
  <testcase classname="com.api.tests.UpdateProfileAPITest" name="updateProfile" time="0.524"/>
  <testcase classname="com.api.tests.LoginAPITest" name="loginTest" time="0.225"/>
</testsuite> <!-- API_Test -->
