<?xml version="1.0" encoding="UTF-8"?>
<!-- Generated by org.testng.reporters.JUnitXMLReporter -->
<testsuite ignored="0" hostname="YCSLAP1132" failures="0" tests="3" name="API_Test" time="6.929" errors="0" timestamp="2025-07-15T17:20:54 IST">
  <testcase classname="com.api.tests.CreateUserAPITest" name="createUser" time="3.996"/>
  <testcase classname="com.api.tests.GetUserAPITest" name="getUser" time="1.536"/>
  <testcase classname="com.api.tests.UpdateUserAPITest" name="updateUser" time="1.325"/>
</testsuite> <!-- API_Test -->
