<?xml version="1.0" encoding="UTF-8"?>
<testng-results ignored="0" total="3" passed="3" failed="0" skipped="0">
  <reporter-output>
  </reporter-output>
  <suite started-at="2025-07-15T18:08:30 IST" name="Demo Bank API Test Suite" finished-at="2025-07-15T18:08:36 IST" duration-ms="5915">
    <groups>
    </groups>
    <test started-at="2025-07-15T18:08:30 IST" name="API_Test" finished-at="2025-07-15T18:08:36 IST" duration-ms="5915">
      <class name="com.api.tests.CreateUserAPITest">
        <test-method signature="createUser()[pri:0, instance:com.api.tests.CreateUserAPITest@4b14918a]" started-at="2025-07-15T18:08:30 IST" name="createUser" description="To Verify Create User API is working" finished-at="2025-07-15T18:08:33 IST" duration-ms="3559" status="PASS">
          <reporter-output>
          </reporter-output>
        </test-method> <!-- createUser -->
      </class> <!-- com.api.tests.CreateUserAPITest -->
      <class name="com.api.tests.GetUserAPITest">
        <test-method signature="getUser()[pri:0, instance:com.api.tests.GetUserAPITest@421bba99]" started-at="2025-07-15T18:08:33 IST" name="getUser" description="To Verify GetUser API is working ..!" finished-at="2025-07-15T18:08:35 IST" duration-ms="1175" status="PASS">
          <reporter-output>
          </reporter-output>
        </test-method> <!-- getUser -->
      </class> <!-- com.api.tests.GetUserAPITest -->
      <class name="com.api.tests.UpdateUserAPITest">
        <test-method signature="updateUser()[pri:0, instance:com.api.tests.UpdateUserAPITest@134d26af]" started-at="2025-07-15T18:08:35 IST" name="updateUser" description="Verify UpdateUser API is Working..!" finished-at="2025-07-15T18:08:36 IST" duration-ms="1112" status="PASS">
          <reporter-output>
          </reporter-output>
        </test-method> <!-- updateUser -->
      </class> <!-- com.api.tests.UpdateUserAPITest -->
    </test> <!-- API_Test -->
  </suite> <!-- Demo Bank API Test Suite -->
</testng-results>
